rm -f results.xml
"make" -f Makefile results.xml
make[1]: Entering directory '/mnt/c/Workspace/quartus/npu/sim'
/home/morer/.local/lib/python3.10/site-packages/cocotb_tools/makefiles/simulators/Makefile.icarus:66: Using MODULE is deprecated, please use COCOTB_TEST_MODULES instead.
rm -f results.xml
COCOTB_TEST_MODULES=test_npu COCOTB_TESTCASE= COCOTB_TEST_FILTER= COCOTB_TOPLEVEL=npu_unit TOPLEVEL_LANG=verilog \
         /usr/bin/vvp -M /home/morer/.local/lib/python3.10/site-packages/cocotb/libs -m libcocotbvpi_icarus   sim_build/sim.vvp   
     -.--ns INFO     gpi                                ..mbed/gpi_embed.cpp:93   in _embed_init_python              Using Python 3.10.14 interpreter at /usr/bin/python3
     -.--ns INFO     gpi                                ../gpi/GpiCommon.cpp:79   in gpi_print_registered_impl       VPI registered
     0.00ns INFO     cocotb                             Running on Icarus Verilog version 11.0 (stable)
     0.00ns WARNING  gpi                                vpi_iterate returned NULL for type vpiInstance for object NULL
     0.00ns INFO     cocotb                             Seeding Python random module with 1771982600
     0.00ns INFO     cocotb                             Initialized cocotb v2.0.1 from /home/morer/.local/lib/python3.10/site-packages/cocotb
Traceback (most recent call last):
  File "/home/morer/.local/lib/python3.10/site-packages/pygpi/entry.py", line 42, in load_entry
    entry_func(argv)
  File "/home/morer/.local/lib/python3.10/site-packages/cocotb/_init.py", line 102, in run_regression
    _setup_regression_manager()
  File "/home/morer/.local/lib/python3.10/site-packages/cocotb/_init.py", line 283, in _setup_regression_manager
    cocotb._regression_manager.discover_tests(*modules)
  File "/home/morer/.local/lib/python3.10/site-packages/cocotb/regression.py", line 186, in discover_tests
    mod = import_module(module_name)
  File "/usr/lib/python3.10/importlib/__init__.py", line 126, in import_module
    return _bootstrap._gcd_import(name[level:], package, level)
  File "<frozen importlib._bootstrap>", line 1050, in _gcd_import
  File "<frozen importlib._bootstrap>", line 1027, in _find_and_load
  File "<frozen importlib._bootstrap>", line 1006, in _find_and_load_unlocked
  File "<frozen importlib._bootstrap>", line 688, in _load_unlocked
  File "/home/morer/.local/lib/python3.10/site-packages/_pytest/assertion/rewrite.py", line 188, in exec_module
    source_stat, co = _rewrite_test(fn, self.config)
  File "/home/morer/.local/lib/python3.10/site-packages/_pytest/assertion/rewrite.py", line 357, in _rewrite_test
    tree = ast.parse(source, filename=strfn)
  File "/usr/lib/python3.10/ast.py", line 50, in parse
    return compile(source, filename, mode, flags,
  File "/mnt/c/Workspace/quartus/npu/sim/test_npu.py", line 60
    captured.append(int(dut.st_source_data.value))
IndentationError: unexpected indent
Traceback (most recent call last):
  File "/home/morer/.local/lib/python3.10/site-packages/cocotb/_init.py", line 117, in _sim_event
    cocotb._regression_manager._fail_simulation(msg)
  File "/home/morer/.local/lib/python3.10/site-packages/cocotb/regression.py", line 899, in _fail_simulation
    self._running_test.abort(self._sim_failure)
AttributeError: 'RegressionManager' object has no attribute '_running_test'
     0.00ns ERROR    gpi                                Passing event to upper layer failed
make[1]: *** [/home/morer/.local/lib/python3.10/site-packages/cocotb_tools/makefiles/simulators/Makefile.icarus:67: results.xml] Error 1
make[1]: Leaving directory '/mnt/c/Workspace/quartus/npu/sim'
make: *** [/home/morer/.local/lib/python3.10/site-packages/cocotb_tools/makefiles/Makefile.inc:17: sim] Error 2
